<?xml version="1.0" encoding="UTF-8"?>
<testng-results ignored="0" total="1" passed="1" failed="0" skipped="0">
  <reporter-output>
  </reporter-output>
  <suite started-at="2024-05-03T13:32:09 IST" name="Default suite" finished-at="2024-05-03T13:32:52 IST" duration-ms="43400">
    <groups>
    </groups>
    <test started-at="2024-05-03T13:32:09 IST" name="Default test" finished-at="2024-05-03T13:32:52 IST" duration-ms="43400">
      <class name="test.BrowserLaunch">
        <test-method is-config="true" signature="setupReport()[pri:0, instance:test.BrowserLaunch@47e2e487]" started-at="2024-05-03T13:32:09 IST" name="setupReport" finished-at="2024-05-03T13:32:09 IST" duration-ms="330" status="PASS">
          <reporter-output>
          </reporter-output>
        </test-method> <!-- setupReport -->
        <test-method is-config="true" signature="setup()[pri:0, instance:test.BrowserLaunch@47e2e487]" started-at="2024-05-03T13:32:09 IST" name="setup" finished-at="2024-05-03T13:32:39 IST" depends-on-methods="test.ExtentReport.setupReport" duration-ms="30430" status="PASS">
          <reporter-output>
          </reporter-output>
        </test-method> <!-- setup -->
        <test-method signature="test()[pri:0, instance:test.BrowserLaunch@47e2e487]" started-at="2024-05-03T13:32:39 IST" name="test" finished-at="2024-05-03T13:32:50 IST" duration-ms="10144" status="PASS">
          <reporter-output>
          </reporter-output>
        </test-method> <!-- test -->
        <test-method is-config="true" signature="tearDown()[pri:0, instance:test.BrowserLaunch@47e2e487]" started-at="2024-05-03T13:32:50 IST" name="tearDown" finished-at="2024-05-03T13:32:51 IST" duration-ms="1705" status="PASS">
          <reporter-output>
          </reporter-output>
        </test-method> <!-- tearDown -->
        <test-method is-config="true" signature="tearDownReport()[pri:0, instance:test.BrowserLaunch@47e2e487]" started-at="2024-05-03T13:32:51 IST" name="tearDownReport" finished-at="2024-05-03T13:32:52 IST" depends-on-methods="test.BaseClass.tearDown" duration-ms="725" status="PASS">
          <reporter-output>
          </reporter-output>
        </test-method> <!-- tearDownReport -->
      </class> <!-- test.BrowserLaunch -->
    </test> <!-- Default test -->
  </suite> <!-- Default suite -->
</testng-results>
